G01 X-9.0 Y-20.0
G01 Z-5.0
$$
F5000
$H
$$
F5000
$H
$$
F5000
G01 X0.0 Y0.0
G01 Z-5.0
G01 X0.0 Y0.0
G01 Z-5.0
G01 X0.0 Y0.0
G01 Z0.0
G01 X0.0 Y0.0
G01 Z-5.0
G01 X-50.0 Y-50.0
G01 Z-5.0
G01 X-50.0 Y-50.0
G01 Z-20.0
G01 X-50.0
G01 Y-50.0
G01 Z-5.0
G01 X-50.0 Y-50.0
G01 Z-5.0
G01 X-50.0 Y-50.0
G01 Z-20.0
$$
F5000
$$
F5000
G01 X0.0 Y0.0
G01 Z-5.0
G01 X0.0 Y0.0
G01 Z-5.0
G01 X0.0 Y0.0
G01 Z0.0
G01 X0.0 Y0.0
G01 Z-5.0
G01 X-50.0 Y-50.0
G01 Z-5.0
G01 X-50.0 Y-50.0
G01 Z-20.0
G01 X-50.0
G01 Y-50.0
G01 Z-5.0
G01 X-50.0 Y-50.0
G01 Z-5.0
G01 X-50.0 Y-50.0
G01 Z-20.0
G01 X0.0
G01 Y0.0
G01 Z0.0
$$
F5000
G01 X-50.0 Y-50.0
G01 Z0.0
G01 X-50.0 Y-50.0
G01 Z-20.0
G01 X-50.0
G01 Y-50.0
G01 Z-5.0
G01 X0.0 Y0.0
G01 Z-5.0
G01 X0.0 Y0.0
G01 Z0.0
$$
F5000
G01 X-50.0 Y-50.0
G01 Z0.0
G01 X-50.0 Y-50.0
G01 Z-20.0
G01 X-50.0
G01 Y-50.0
G01 Z-5.0
G01 X0.0 Y0.0
G01 Z-5.0
G01 X0.0 Y0.0
G01 Z0.0
$$
F5000
G01 X-50.0 Y-50.0
G01 Z0.0
G01 X-50.0 Y-50.0
G01 Z-20.0
G01 X-50.0
G01 Y-50.0
G01 Z-5.0
G01 X0.0 Y0.0
G01 Z-5.0
G01 X0.0 Y0.0
G01 Z0.0
$$
F5000
G01 X-50.0 Y-50.0
G01 Z0.0
G01 X-50.0 Y-50.0
G01 Z-20.0
G01 X-50.0
G01 Y-50.0
G01 Z-5.0
G01 X0.0 Y0.0
G01 Z-5.0
G01 X0.0 Y0.0
G01 Z0.0
$$
F5000
G01 X-100.0 Y-100.0
G01 Z0.0
G01 X-100.0 Y-100.0
G01 Z-30.0
G01 X-100.0
G01 Y-100.0
G01 Z-5.0
G01 X0.0 Y0.0
G01 Z-5.0
G01 X0.0 Y0.0
G01 Z0.0
$$
$$
F5000
G01 X-150.0 Y-100.0
G01 Z0.0
G01 X-150.0 Y-100.0
G01 Z-35.0
G01 X-150.0
G01 Y-100.0
G01 Z-5.0
G01 X0.0 Y0.0
G01 Z-5.0
G01 X0.0 Y0.0
G01 Z0.0
$$
F5000
G01 X-150.0 Y-100.0
G01 Z0.0
G01 X-150.0 Y-100.0
G01 Z-35.0
G01 X-150.0
G01 Y-100.0
G01 Z-5.0
G01 X0.0 Y0.0
G01 Z-5.0
G01 X0.0 Y0.0
G01 Z0.0
$$
F5000
G01 X-150.0 Y-100.0
G01 Z0.0
G01 X-150.0 Y-100.0
G01 Z-35.0
G01 X-150.0
G01 Y-100.0
G01 Z-5.0
G01 X0.0 Y0.0
G01 Z-5.0
G01 X0.0 Y0.0
G01 Z0.0
$$
G01 X0.0 Y0.0
G01 Z-5.0
$$
F5000
G01 X0.0 Y0.0
G01 Z-5.0
G01 X0.0 Y0.0
G01 Z0.0
G01 X0.0 Y-10.0
G01 Z0.0
G01 X0.0 Y0.0
G01 Z0.0
$$
F5000
G01 X-150.0 Y-100.0
G01 Z0.0
G01 X-150.0 Y-100.0
G01 Z-35.0
G01 X-150.0
G01 Y-100.0
G01 Z-5.0
G01 X0.0 Y0.0
G01 Z-5.0
G01 X0.0 Y0.0
G01 Z0.0
